{"C:\\Users\\manue\\Desktop\\React\\Learning-React-TypeScript\\02-react-first-steps\\src\\FirstStepsApp.tsx": {"path":"C:\\Users\\manue\\Desktop\\React\\Learning-React-TypeScript\\02-react-first-steps\\src\\FirstStepsApp.tsx","all":false,"statementMap":{"0":{"start":{"line":1,"column":0},"end":{"line":1,"column":58}},"7":{"start":{"line":8,"column":0},"end":{"line":8,"column":35}},"8":{"start":{"line":9,"column":0},"end":{"line":9,"column":52}},"9":{"start":{"line":10,"column":0},"end":{"line":10,"column":49}},"10":{"start":{"line":11,"column":0},"end":{"line":11,"column":46}},"11":{"start":{"line":12,"column":0},"end":{"line":12,"column":2}},"13":{"start":{"line":14,"column":0},"end":{"line":14,"column":33}},"14":{"start":{"line":15,"column":0},"end":{"line":15,"column":10}},"15":{"start":{"line":16,"column":0},"end":{"line":16,"column":9}},"16":{"start":{"line":17,"column":0},"end":{"line":17,"column":33}},"18":{"start":{"line":19,"column":0},"end":{"line":19,"column":55}},"19":{"start":{"line":20,"column":0},"end":{"line":20,"column":80}},"28":{"start":{"line":29,"column":0},"end":{"line":29,"column":1}}},"s":{"0":1,"7":1,"8":1,"9":1,"10":1,"11":1,"13":1,"14":3,"15":3,"16":3,"18":3,"19":3,"28":3},"branchMap":{"0":{"type":"branch","line":14,"loc":{"start":{"line":14,"column":7},"end":{"line":29,"column":1}},"locations":[{"start":{"line":14,"column":7},"end":{"line":29,"column":1}}]}},"b":{"0":[3]},"fnMap":{"0":{"name":"FirstStepsApp","decl":{"start":{"line":14,"column":7},"end":{"line":29,"column":1}},"loc":{"start":{"line":14,"column":7},"end":{"line":29,"column":1}},"line":14}},"f":{"0":3}}
,"C:\\Users\\manue\\Desktop\\React\\Learning-React-TypeScript\\02-react-first-steps\\src\\MyAwesomeApp.tsx": {"path":"C:\\Users\\manue\\Desktop\\React\\Learning-React-TypeScript\\02-react-first-steps\\src\\MyAwesomeApp.tsx","all":false,"statementMap":{"2":{"start":{"line":3,"column":0},"end":{"line":3,"column":29}},"3":{"start":{"line":4,"column":0},"end":{"line":4,"column":27}},"5":{"start":{"line":6,"column":0},"end":{"line":6,"column":60}},"6":{"start":{"line":7,"column":0},"end":{"line":7,"column":23}},"8":{"start":{"line":9,"column":0},"end":{"line":9,"column":17}},"9":{"start":{"line":10,"column":0},"end":{"line":10,"column":21}},"10":{"start":{"line":11,"column":0},"end":{"line":11,"column":20}},"11":{"start":{"line":12,"column":0},"end":{"line":12,"column":2}},"13":{"start":{"line":14,"column":0},"end":{"line":14,"column":33}},"14":{"start":{"line":15,"column":0},"end":{"line":15,"column":29}},"15":{"start":{"line":16,"column":0},"end":{"line":16,"column":19}},"16":{"start":{"line":17,"column":0},"end":{"line":17,"column":14}},"17":{"start":{"line":18,"column":0},"end":{"line":18,"column":16}},"18":{"start":{"line":19,"column":0},"end":{"line":19,"column":2}},"20":{"start":{"line":21,"column":0},"end":{"line":21,"column":35}},"21":{"start":{"line":22,"column":0},"end":{"line":22,"column":10}},"22":{"start":{"line":23,"column":0},"end":{"line":23,"column":38}},"23":{"start":{"line":24,"column":0},"end":{"line":24,"column":53}},"24":{"start":{"line":25,"column":0},"end":{"line":25,"column":27}},"26":{"start":{"line":27,"column":0},"end":{"line":27,"column":69}},"27":{"start":{"line":28,"column":0},"end":{"line":28,"column":20}},"29":{"start":{"line":30,"column":0},"end":{"line":30,"column":50}},"31":{"start":{"line":32,"column":0},"end":{"line":32,"column":55}},"34":{"start":{"line":35,"column":0},"end":{"line":35,"column":2}},"36":{"start":{"line":37,"column":0},"end":{"line":37,"column":35}},"37":{"start":{"line":38,"column":0},"end":{"line":38,"column":13}},"38":{"start":{"line":39,"column":0},"end":{"line":39,"column":9}},"39":{"start":{"line":40,"column":0},"end":{"line":40,"column":26}},"40":{"start":{"line":41,"column":0},"end":{"line":41,"column":25}},"41":{"start":{"line":42,"column":0},"end":{"line":42,"column":10}},"42":{"start":{"line":43,"column":0},"end":{"line":43,"column":7}},"43":{"start":{"line":44,"column":0},"end":{"line":44,"column":4}}},"s":{"2":1,"3":1,"5":1,"6":1,"8":1,"9":1,"10":1,"11":1,"13":1,"14":1,"15":1,"16":1,"17":1,"18":1,"20":1,"21":4,"22":4,"23":4,"24":4,"26":4,"27":4,"29":4,"31":4,"34":4,"36":1,"37":1,"38":1,"39":1,"40":1,"41":1,"42":1,"43":1},"branchMap":{"0":{"type":"branch","line":21,"loc":{"start":{"line":21,"column":28},"end":{"line":35,"column":2}},"locations":[{"start":{"line":21,"column":28},"end":{"line":35,"column":2}}]},"1":{"type":"branch","line":30,"loc":{"start":{"line":30,"column":11},"end":{"line":30,"column":33}},"locations":[{"start":{"line":30,"column":11},"end":{"line":30,"column":33}}]}},"b":{"0":[4],"1":[0]},"fnMap":{"0":{"name":"MyAwesomeApp","decl":{"start":{"line":21,"column":28},"end":{"line":35,"column":2}},"loc":{"start":{"line":21,"column":28},"end":{"line":35,"column":2}},"line":21}},"f":{"0":4}}
,"C:\\Users\\manue\\Desktop\\React\\Learning-React-TypeScript\\02-react-first-steps\\src\\main.tsx": {"path":"C:\\Users\\manue\\Desktop\\React\\Learning-React-TypeScript\\02-react-first-steps\\src\\main.tsx","all":true,"statementMap":{"0":{"start":{"line":1,"column":0},"end":{"line":1,"column":35}},"1":{"start":{"line":2,"column":0},"end":{"line":2,"column":46}},"2":{"start":{"line":3,"column":0},"end":{"line":3,"column":48}},"5":{"start":{"line":6,"column":0},"end":{"line":6,"column":52}},"6":{"start":{"line":7,"column":0},"end":{"line":7,"column":14}},"7":{"start":{"line":8,"column":0},"end":{"line":8,"column":21}}},"s":{"0":0,"1":0,"2":0,"5":0,"6":0,"7":0},"branchMap":{"0":{"type":"branch","line":1,"loc":{"start":{"line":1,"column":317},"end":{"line":11,"column":2}},"locations":[{"start":{"line":1,"column":317},"end":{"line":11,"column":2}}]}},"b":{"0":[0]},"fnMap":{"0":{"name":"(empty-report)","decl":{"start":{"line":1,"column":317},"end":{"line":11,"column":2}},"loc":{"start":{"line":1,"column":317},"end":{"line":11,"column":2}},"line":1}},"f":{"0":0}}
,"C:\\Users\\manue\\Desktop\\React\\Learning-React-TypeScript\\02-react-first-steps\\src\\setupTests.ts": {"path":"C:\\Users\\manue\\Desktop\\React\\Learning-React-TypeScript\\02-react-first-steps\\src\\setupTests.ts","all":true,"statementMap":{},"s":{},"branchMap":{"0":{"type":"branch","line":1,"loc":{"start":{"line":1,"column":0},"end":{"line":1,"column":0}},"locations":[{"start":{"line":1,"column":0},"end":{"line":1,"column":0}}]}},"b":{"0":[1]},"fnMap":{"0":{"name":"(empty-report)","decl":{"start":{"line":1,"column":0},"end":{"line":1,"column":0}},"loc":{"start":{"line":1,"column":0},"end":{"line":1,"column":0}},"line":1}},"f":{"0":1}}
,"C:\\Users\\manue\\Desktop\\React\\Learning-React-TypeScript\\02-react-first-steps\\src\\helpers\\math.helper.ts": {"path":"C:\\Users\\manue\\Desktop\\React\\Learning-React-TypeScript\\02-react-first-steps\\src\\helpers\\math.helper.ts","all":false,"statementMap":{"0":{"start":{"line":1,"column":0},"end":{"line":1,"column":54}},"1":{"start":{"line":2,"column":0},"end":{"line":2,"column":8}},"2":{"start":{"line":3,"column":0},"end":{"line":3,"column":15}},"3":{"start":{"line":4,"column":0},"end":{"line":4,"column":2}},"4":{"start":{"line":5,"column":0},"end":{"line":5,"column":64}},"5":{"start":{"line":6,"column":0},"end":{"line":6,"column":64}},"6":{"start":{"line":7,"column":0},"end":{"line":7,"column":57}},"7":{"start":{"line":8,"column":0},"end":{"line":8,"column":15}},"8":{"start":{"line":9,"column":0},"end":{"line":9,"column":2}}},"s":{"0":1,"1":2,"2":2,"3":2,"4":1,"5":1,"6":1,"7":2,"8":2},"branchMap":{"0":{"type":"branch","line":1,"loc":{"start":{"line":1,"column":19},"end":{"line":4,"column":2}},"locations":[{"start":{"line":1,"column":19},"end":{"line":4,"column":2}}]},"1":{"type":"branch","line":5,"loc":{"start":{"line":5,"column":24},"end":{"line":5,"column":64}},"locations":[{"start":{"line":5,"column":24},"end":{"line":5,"column":64}}]},"2":{"type":"branch","line":6,"loc":{"start":{"line":6,"column":24},"end":{"line":6,"column":64}},"locations":[{"start":{"line":6,"column":24},"end":{"line":6,"column":64}}]},"3":{"type":"branch","line":7,"loc":{"start":{"line":7,"column":22},"end":{"line":9,"column":2}},"locations":[{"start":{"line":7,"column":22},"end":{"line":9,"column":2}}]}},"b":{"0":[2],"1":[3],"2":[3],"3":[2]},"fnMap":{"0":{"name":"add","decl":{"start":{"line":1,"column":19},"end":{"line":4,"column":2}},"loc":{"start":{"line":1,"column":19},"end":{"line":4,"column":2}},"line":1},"1":{"name":"subtract","decl":{"start":{"line":5,"column":24},"end":{"line":5,"column":64}},"loc":{"start":{"line":5,"column":24},"end":{"line":5,"column":64}},"line":5},"2":{"name":"multiply","decl":{"start":{"line":6,"column":24},"end":{"line":6,"column":64}},"loc":{"start":{"line":6,"column":24},"end":{"line":6,"column":64}},"line":6},"3":{"name":"divide","decl":{"start":{"line":7,"column":22},"end":{"line":9,"column":2}},"loc":{"start":{"line":7,"column":22},"end":{"line":9,"column":2}},"line":7}},"f":{"0":2,"1":3,"2":3,"3":2}}
,"C:\\Users\\manue\\Desktop\\React\\Learning-React-TypeScript\\02-react-first-steps\\src\\shopping-cart\\ItemCounter.tsx": {"path":"C:\\Users\\manue\\Desktop\\React\\Learning-React-TypeScript\\02-react-first-steps\\src\\shopping-cart\\ItemCounter.tsx","all":false,"statementMap":{"0":{"start":{"line":1,"column":0},"end":{"line":1,"column":33}},"2":{"start":{"line":3,"column":0},"end":{"line":3,"column":30}},"3":{"start":{"line":4,"column":0},"end":{"line":4,"column":46}},"10":{"start":{"line":11,"column":0},"end":{"line":11,"column":63}},"11":{"start":{"line":12,"column":0},"end":{"line":12,"column":47}},"13":{"start":{"line":14,"column":0},"end":{"line":14,"column":27}},"14":{"start":{"line":15,"column":0},"end":{"line":15,"column":28}},"15":{"start":{"line":16,"column":0},"end":{"line":16,"column":24}},"16":{"start":{"line":17,"column":0},"end":{"line":17,"column":4}},"18":{"start":{"line":19,"column":0},"end":{"line":19,"column":32}},"19":{"start":{"line":20,"column":0},"end":{"line":20,"column":28}},"21":{"start":{"line":22,"column":0},"end":{"line":22,"column":24}},"22":{"start":{"line":23,"column":0},"end":{"line":23,"column":4}},"24":{"start":{"line":25,"column":0},"end":{"line":25,"column":10}},"25":{"start":{"line":26,"column":0},"end":{"line":26,"column":12}},"26":{"start":{"line":27,"column":0},"end":{"line":27,"column":32}},"34":{"start":{"line":35,"column":0},"end":{"line":35,"column":11}},"35":{"start":{"line":36,"column":0},"end":{"line":36,"column":39}},"36":{"start":{"line":37,"column":0},"end":{"line":37,"column":16}},"37":{"start":{"line":38,"column":0},"end":{"line":38,"column":47}},"38":{"start":{"line":39,"column":0},"end":{"line":39,"column":10}},"40":{"start":{"line":41,"column":0},"end":{"line":41,"column":14}},"42":{"start":{"line":43,"column":0},"end":{"line":43,"column":45}},"43":{"start":{"line":44,"column":0},"end":{"line":44,"column":26}},"44":{"start":{"line":45,"column":0},"end":{"line":45,"column":50}},"47":{"start":{"line":48,"column":0},"end":{"line":48,"column":2}}},"s":{"0":1,"2":1,"3":1,"10":1,"11":9,"13":9,"14":1,"15":1,"16":1,"18":9,"19":2,"21":1,"22":1,"24":9,"25":9,"26":9,"34":9,"35":9,"36":9,"37":9,"38":9,"40":9,"42":9,"43":9,"44":9,"47":9},"branchMap":{"0":{"type":"branch","line":11,"loc":{"start":{"line":11,"column":27},"end":{"line":48,"column":2}},"locations":[{"start":{"line":11,"column":27},"end":{"line":48,"column":2}}]},"1":{"type":"branch","line":38,"loc":{"start":{"line":38,"column":27},"end":{"line":38,"column":39}},"locations":[{"start":{"line":38,"column":27},"end":{"line":38,"column":39}}]},"2":{"type":"branch","line":38,"loc":{"start":{"line":38,"column":31},"end":{"line":38,"column":47}},"locations":[{"start":{"line":38,"column":31},"end":{"line":38,"column":47}}]},"3":{"type":"branch","line":14,"loc":{"start":{"line":14,"column":20},"end":{"line":17,"column":4}},"locations":[{"start":{"line":14,"column":20},"end":{"line":17,"column":4}}]},"4":{"type":"branch","line":19,"loc":{"start":{"line":19,"column":25},"end":{"line":23,"column":4}},"locations":[{"start":{"line":19,"column":25},"end":{"line":23,"column":4}}]},"5":{"type":"branch","line":20,"loc":{"start":{"line":20,"column":21},"end":{"line":23,"column":4}},"locations":[{"start":{"line":20,"column":21},"end":{"line":23,"column":4}}]}},"b":{"0":[9],"1":[4],"2":[5],"3":[1],"4":[2],"5":[1]},"fnMap":{"0":{"name":"ItemCounter","decl":{"start":{"line":11,"column":27},"end":{"line":48,"column":2}},"loc":{"start":{"line":11,"column":27},"end":{"line":48,"column":2}},"line":11},"1":{"name":"handleAdd","decl":{"start":{"line":14,"column":20},"end":{"line":17,"column":4}},"loc":{"start":{"line":14,"column":20},"end":{"line":17,"column":4}},"line":14},"2":{"name":"handleSubtract","decl":{"start":{"line":19,"column":25},"end":{"line":23,"column":4}},"loc":{"start":{"line":19,"column":25},"end":{"line":23,"column":4}},"line":19}},"f":{"0":9,"1":1,"2":2}}
}
